<?xml version="1.0" encoding="UTF-8"?>
<!-- Generated by org.testng.reporters.JUnitXMLReporter -->
<testsuite ignored="2" hostname="NAVEENKUMARAN" failures="0" tests="3" name="Default test" time="11.515" errors="0" timestamp="2025-02-15T11:42:02 IST">
  <testcase classname="com.hotelbooking.tests.BookingTest" name="createBookingId" time="5.249"/>
  <testcase classname="com.hotelbooking.tests.BookingTest" name="getBookingId" time="2.172"/>
  <testcase classname="com.hotelbooking.tests.BookingTest" name="deleteBookingId" time="3.426"/>
  <testcase classname="com.hotelbooking.tests.BookingTest" name="partialUpdateBookingId" time="0.0">
    <ignored/>
  </testcase> <!-- partialUpdateBookingId -->
  <testcase classname="com.hotelbooking.tests.BookingTest" name="updateBookingId" time="0.0">
    <ignored/>
  </testcase> <!-- updateBookingId -->
</testsuite> <!-- Default test -->
