<?xml version="1.0" encoding="UTF-8"?>
<testng-results ignored="2" total="5" passed="3" failed="0" skipped="0">
  <reporter-output>
  </reporter-output>
  <suite started-at="2025-02-15T11:41:51 IST" name="Default suite" finished-at="2025-02-15T11:42:02 IST" duration-ms="11515">
    <groups>
    </groups>
    <test started-at="2025-02-15T11:41:51 IST" name="Default test" finished-at="2025-02-15T11:42:02 IST" duration-ms="11515">
      <class name="com.hotelbooking.tests.BookingTest">
        <test-method is-config="true" signature="setup()[pri:0, instance:com.hotelbooking.tests.BookingTest@49ec71f8]" started-at="2025-02-15T11:41:51 IST" name="setup" finished-at="2025-02-15T11:41:51 IST" duration-ms="614" status="PASS">
          <reporter-output>
          </reporter-output>
        </test-method> <!-- setup -->
        <test-method signature="createBookingId()[pri:1, instance:com.hotelbooking.tests.BookingTest@49ec71f8]" started-at="2025-02-15T11:41:51 IST" name="createBookingId" finished-at="2025-02-15T11:41:56 IST" duration-ms="5249" status="PASS">
          <reporter-output>
          </reporter-output>
        </test-method> <!-- createBookingId -->
        <test-method is-config="true" signature="validateAssertions()[pri:0, instance:com.hotelbooking.tests.BookingTest@49ec71f8]" started-at="2025-02-15T11:41:56 IST" name="validateAssertions" finished-at="2025-02-15T11:41:56 IST" duration-ms="0" status="PASS">
          <reporter-output>
          </reporter-output>
        </test-method> <!-- validateAssertions -->
        <test-method is-config="true" signature="setup()[pri:0, instance:com.hotelbooking.tests.BookingTest@49ec71f8]" started-at="2025-02-15T11:41:56 IST" name="setup" finished-at="2025-02-15T11:41:56 IST" duration-ms="1" status="PASS">
          <reporter-output>
          </reporter-output>
        </test-method> <!-- setup -->
        <test-method signature="getBookingId()[pri:2, instance:com.hotelbooking.tests.BookingTest@49ec71f8]" started-at="2025-02-15T11:41:56 IST" name="getBookingId" finished-at="2025-02-15T11:41:59 IST" duration-ms="2172" status="PASS">
          <reporter-output>
          </reporter-output>
        </test-method> <!-- getBookingId -->
        <test-method is-config="true" signature="setup()[pri:0, instance:com.hotelbooking.tests.BookingTest@49ec71f8]" started-at="2025-02-15T11:41:59 IST" name="setup" finished-at="2025-02-15T11:41:59 IST" duration-ms="1" status="PASS">
          <reporter-output>
          </reporter-output>
        </test-method> <!-- setup -->
        <test-method is-config="true" signature="validateAssertions()[pri:0, instance:com.hotelbooking.tests.BookingTest@49ec71f8]" started-at="2025-02-15T11:41:59 IST" name="validateAssertions" finished-at="2025-02-15T11:41:59 IST" duration-ms="0" status="PASS">
          <reporter-output>
          </reporter-output>
        </test-method> <!-- validateAssertions -->
        <test-method signature="deleteBookingId()[pri:3, instance:com.hotelbooking.tests.BookingTest@49ec71f8]" started-at="2025-02-15T11:41:59 IST" name="deleteBookingId" finished-at="2025-02-15T11:42:02 IST" duration-ms="3426" status="PASS">
          <reporter-output>
          </reporter-output>
        </test-method> <!-- deleteBookingId -->
        <test-method is-config="true" signature="validateAssertions()[pri:0, instance:com.hotelbooking.tests.BookingTest@49ec71f8]" started-at="2025-02-15T11:42:02 IST" name="validateAssertions" finished-at="2025-02-15T11:42:02 IST" duration-ms="1" status="PASS">
          <reporter-output>
          </reporter-output>
        </test-method> <!-- validateAssertions -->
      </class> <!-- com.hotelbooking.tests.BookingTest -->
    </test> <!-- Default test -->
  </suite> <!-- Default suite -->
</testng-results>
